生成启动时间为 2016/3/2 18:55:12。
     1>项目“D:\我的文档\vs work space\aaa\aaa\aaa.vcxproj”在节点 2 上(build 个目标)。
     1>InitializeBuildStatus:
         正在对“Debug\aaa.unsuccessfulbuild”执行 Touch 任务。
       ClCompile:
         所有输出均为最新。
         D:\vs\VC\bin\CL.exe /c /ZI /nologo /W3 /WX- /Od /Oy- /D WIN32 /D _DEBUG /D _CONSOLE /D _MBCS /Gm /EHsc /RTC1 /MDd /GS /fp:precise /Zc:wchar_t /Zc:forScope /Yu"StdAfx.h" /Fp"Debug\aaa.pch" /Fo"Debug\\" /Fd"Debug\vc100.pdb" /Gd /TP /analyze- /errorReport:prompt aaa.cpp
         aaa.cpp
     1>d:\我的文档\vs work space\aaa\aaa\aaa.cpp(281): warning C4018: “<”: 有符号/无符号不匹配
     1>d:\我的文档\vs work space\aaa\aaa\aaa.cpp(288): warning C4018: “<”: 有符号/无符号不匹配
     1>d:\我的文档\vs work space\aaa\aaa\aaa.cpp(527): warning C4996: 'sprintf': This function or variable may be unsafe. Consider using sprintf_s instead. To disable deprecation, use _CRT_SECURE_NO_WARNINGS. See online help for details.
                 d:\vs\vc\include\stdio.h(371) : 参见“sprintf”的声明
     1>d:\我的文档\vs work space\aaa\aaa\aaa.cpp(631): warning C4018: “<”: 有符号/无符号不匹配
     1>d:\我的文档\vs work space\aaa\aaa\aaa.cpp(398): warning C4715: “getPri”: 不是所有的控件路径都返回值
       ManifestResourceCompile:
         C:\Program Files (x86)\Microsoft SDKs\Windows\v7.0A\bin\rc.exe /nologo /fo"Debug\aaa.exe.embed.manifest.res" Debug\aaa_manifest.rc 
       Link:
         D:\vs\VC\bin\link.exe /ERRORREPORT:PROMPT /OUT:"D:\我的文档\vs work space\aaa\Debug\aaa.exe" /INCREMENTAL /NOLOGO kernel32.lib user32.lib gdi32.lib winspool.lib comdlg32.lib advapi32.lib shell32.lib ole32.lib oleaut32.lib uuid.lib odbc32.lib odbccp32.lib /MANIFEST /ManifestFile:"Debug\aaa.exe.intermediate.manifest" /MANIFESTUAC:"level='asInvoker' uiAccess='false'" /DEBUG /PDB:"D:\我的文档\vs work space\aaa\Debug\aaa.pdb" /SUBSYSTEM:CONSOLE /TLBID:1 /DYNAMICBASE /NXCOMPAT /IMPLIB:"D:\我的文档\vs work space\aaa\Debug\aaa.lib" /MACHINE:X86 Debug\aaa.exe.embed.manifest.res
         Debug\aaa.obj
         Debug\stdafx.obj
       Manifest:
         C:\Program Files (x86)\Microsoft SDKs\Windows\v7.0A\bin\mt.exe /nologo /verbose /out:"Debug\aaa.exe.embed.manifest" /manifest Debug\aaa.exe.intermediate.manifest
         C:\Program Files (x86)\Microsoft SDKs\Windows\v7.0A\bin\rc.exe /nologo /fo"Debug\aaa.exe.embed.manifest.res" Debug\aaa_manifest.rc 
       LinkEmbedManifest:
         D:\vs\VC\bin\link.exe /ERRORREPORT:PROMPT /OUT:"D:\我的文档\vs work space\aaa\Debug\aaa.exe" /INCREMENTAL /NOLOGO kernel32.lib user32.lib gdi32.lib winspool.lib comdlg32.lib advapi32.lib shell32.lib ole32.lib oleaut32.lib uuid.lib odbc32.lib odbccp32.lib /MANIFEST /ManifestFile:"Debug\aaa.exe.intermediate.manifest" /MANIFESTUAC:"level='asInvoker' uiAccess='false'" /DEBUG /PDB:"D:\我的文档\vs work space\aaa\Debug\aaa.pdb" /SUBSYSTEM:CONSOLE /TLBID:1 /DYNAMICBASE /NXCOMPAT /IMPLIB:"D:\我的文档\vs work space\aaa\Debug\aaa.lib" /MACHINE:X86 Debug\aaa.exe.embed.manifest.res
         Debug\aaa.obj
         Debug\stdafx.obj
         aaa.vcxproj -> D:\我的文档\vs work space\aaa\Debug\aaa.exe
       FinalizeBuildStatus:
         正在删除文件“Debug\aaa.unsuccessfulbuild”。
         正在对“Debug\aaa.lastbuildstate”执行 Touch 任务。
     1>已完成生成项目“D:\我的文档\vs work space\aaa\aaa\aaa.vcxproj”(build 个目标)的操作。

生成成功。

已用时间 00:00:03.68
