生成启动时间为 2016/3/2 19:42:51。
     1>项目“D:\我的文档\vs work space\aaa\aaa\aaa.vcxproj”在节点 2 上(build 个目标)。
     1>InitializeBuildStatus:
         正在对“Release\aaa.unsuccessfulbuild”执行 Touch 任务。
       ClCompile:
         所有输出均为最新。
         D:\vs\VC\bin\CL.exe /c /Zi /nologo /W3 /WX- /O2 /Oi /Oy- /GL /D WIN32 /D NDEBUG /D _CONSOLE /D _MBCS /Gm- /EHsc /MD /GS /Gy /fp:precise /Zc:wchar_t /Zc:forScope /Yu"StdAfx.h" /Fp"Release\aaa.pch" /Fo"Release\\" /Fd"Release\vc100.pdb" /Gd /TP /analyze- /errorReport:prompt aaa.cpp
         aaa.cpp
     1>aaa.cpp(281): warning C4018: “<”: 有符号/无符号不匹配
     1>aaa.cpp(288): warning C4018: “<”: 有符号/无符号不匹配
     1>aaa.cpp(365): warning C4996: 'sprintf': This function or variable may be unsafe. Consider using sprintf_s instead. To disable deprecation, use _CRT_SECURE_NO_WARNINGS. See online help for details.
                 D:\vs\VC\include\stdio.h(371) : 参见“sprintf”的声明
     1>aaa.cpp(637): warning C4018: “<”: 有符号/无符号不匹配
       Link:
         D:\vs\VC\bin\link.exe /ERRORREPORT:PROMPT /OUT:"D:\我的文档\vs work space\aaa\Release\aaa.exe" /INCREMENTAL:NO /NOLOGO kernel32.lib user32.lib gdi32.lib winspool.lib comdlg32.lib advapi32.lib shell32.lib ole32.lib oleaut32.lib uuid.lib odbc32.lib odbccp32.lib /MANIFEST /ManifestFile:"Release\aaa.exe.intermediate.manifest" /MANIFESTUAC:"level='asInvoker' uiAccess='false'" /DEBUG /PDB:"D:\我的文档\vs work space\aaa\Release\aaa.pdb" /SUBSYSTEM:CONSOLE /OPT:REF /OPT:ICF /LTCG /TLBID:1 /DYNAMICBASE /NXCOMPAT /IMPLIB:"D:\我的文档\vs work space\aaa\Release\aaa.lib" /MACHINE:X86 Release\aaa.obj
         Release\stdafx.obj
         正在生成代码
     1>d:\我的文档\vs work space\aaa\aaa\aaa.cpp(409): warning C4715: “getPar”: 不是所有的控件路径都返回值
         已完成代码的生成
         aaa.vcxproj -> D:\我的文档\vs work space\aaa\Release\aaa.exe
       Manifest:
         C:\Program Files (x86)\Microsoft SDKs\Windows\v7.0A\bin\mt.exe /nologo /verbose /outputresource:"D:\我的文档\vs work space\aaa\Release\aaa.exe;#1" /manifest Release\aaa.exe.intermediate.manifest
       FinalizeBuildStatus:
         正在删除文件“Release\aaa.unsuccessfulbuild”。
         正在对“Release\aaa.lastbuildstate”执行 Touch 任务。
     1>已完成生成项目“D:\我的文档\vs work space\aaa\aaa\aaa.vcxproj”(build 个目标)的操作。

生成成功。

已用时间 00:00:02.31
